K = 1
                                             precision    recall  f1-score   support

                     https://www.google.com       0.61      0.78      0.68        40
                  https://www.instagram.com       0.56      0.55      0.56        40
              https://www.ynet.co.il/home/0       0.46      0.30      0.36        40
https://www.youtube.com/watch?v=_jzmBEdkHdo       0.34      0.38      0.36        40

                                   accuracy                           0.50       160
                                  macro avg       0.49      0.50      0.49       160
                               weighted avg       0.49      0.50      0.49       160

K = 3                                             precision    recall  f1-score   support

                     https://www.google.com       0.51      0.88      0.65        40
                  https://www.instagram.com       0.46      0.42      0.44        40
              https://www.ynet.co.il/home/0       0.12      0.05      0.07        40
https://www.youtube.com/watch?v=_jzmBEdkHdo       0.26      0.25      0.26        40

                                   accuracy                           0.40       160
                                  macro avg       0.34      0.40      0.35       160
                               weighted avg       0.34      0.40      0.35       160

L = 5
                                             precision    recall  f1-score   support

                     https://www.google.com       0.53      0.75      0.62        40
                  https://www.instagram.com       0.43      0.45      0.44        40
              https://www.ynet.co.il/home/0       0.26      0.25      0.25        40
https://www.youtube.com/watch?v=_jzmBEdkHdo       0.14      0.07      0.10        40

                                   accuracy                           0.38       160
                                  macro avg       0.34      0.38      0.35       160
                               weighted avg       0.34      0.38      0.35       160

K = 7
                                             precision    recall  f1-score   support

                     https://www.google.com       0.56      0.80      0.66        40
                  https://www.instagram.com       0.34      0.33      0.33        40
              https://www.ynet.co.il/home/0       0.26      0.25      0.25        40
https://www.youtube.com/watch?v=_jzmBEdkHdo       0.23      0.15      0.18        40

                                   accuracy                           0.38       160
                                  macro avg       0.35      0.38      0.36       160
                               weighted avg       0.35      0.38      0.36       160

K = 9
                                             precision    recall  f1-score   support

                     https://www.google.com       0.53      0.80      0.64        40
                  https://www.instagram.com       0.35      0.38      0.36        40
              https://www.ynet.co.il/home/0       0.20      0.23      0.21        40
https://www.youtube.com/watch?v=_jzmBEdkHdo       0.15      0.05      0.08        40

                                   accuracy                           0.36       160
                                  macro avg       0.31      0.36      0.32       160
                               weighted avg       0.31      0.36      0.32       160

K = 11
                                             precision    recall  f1-score   support

                     https://www.google.com       0.59      0.80      0.68        40
                  https://www.instagram.com       0.30      0.33      0.31        40
              https://www.ynet.co.il/home/0       0.13      0.15      0.14        40
https://www.youtube.com/watch?v=_jzmBEdkHdo       0.12      0.05      0.07        40

                                   accuracy                           0.33       160
                                  macro avg       0.29      0.33      0.30       160
                               weighted avg       0.29      0.33      0.30       160

